2020-06-18 07:30:50,384 WARN  [DefaultSoapUICore] Missing folder [/Users/mgr/ext] for external libraries
2020-06-18 07:30:50,670 INFO  [DefaultSoapUICore] initialized soapui-settings from [/Users/mgr/soapui-settings.xml]
2020-06-18 07:30:51,113 INFO  [WorkspaceImpl] Loading workspace from [/Users/mgr/intellij-soapui-workspace.xml]
2020-06-18 07:30:51,197 ERROR [SoapUI] An error occured [class org.apache.xerces.parsers.XIncludeAwareParserConfiguration cannot be cast to class org.apache.xerces.xni.parser.XMLParserConfiguration (org.apache.xerces.parsers.XIncludeAwareParserConfiguration is in unnamed module of loader com.intellij.ide.plugins.cl.PluginClassLoader @21b5c412; org.apache.xerces.xni.parser.XMLParserConfiguration is in unnamed module of loader com.intellij.util.lang.UrlClassLoader @64f6106c)], see error log for details
2020-06-18 07:30:51,198 ERROR [errorlog] java.lang.ClassCastException: class org.apache.xerces.parsers.XIncludeAwareParserConfiguration cannot be cast to class org.apache.xerces.xni.parser.XMLParserConfiguration (org.apache.xerces.parsers.XIncludeAwareParserConfiguration is in unnamed module of loader com.intellij.ide.plugins.cl.PluginClassLoader @21b5c412; org.apache.xerces.xni.parser.XMLParserConfiguration is in unnamed module of loader com.intellij.util.lang.UrlClassLoader @64f6106c)
java.lang.ClassCastException: class org.apache.xerces.parsers.XIncludeAwareParserConfiguration cannot be cast to class org.apache.xerces.xni.parser.XMLParserConfiguration (org.apache.xerces.parsers.XIncludeAwareParserConfiguration is in unnamed module of loader com.intellij.ide.plugins.cl.PluginClassLoader @21b5c412; org.apache.xerces.xni.parser.XMLParserConfiguration is in unnamed module of loader com.intellij.util.lang.UrlClassLoader @64f6106c)
	at org.apache.xerces.parsers.SAXParser.<init>(Unknown Source)
	at org.apache.xerces.parsers.SAXParser.<init>(Unknown Source)
	at org.apache.xerces.jaxp.SAXParserImpl$JAXPSAXParser.<init>(Unknown Source)
	at org.apache.xerces.jaxp.SAXParserImpl.<init>(Unknown Source)
	at org.apache.xerces.jaxp.SAXParserFactoryImpl.newSAXParser(Unknown Source)
	at com.intellij.ui.svg.SaxDocumentFactory.createDocument(SaxSvgDocumentFactory.kt:334)
	at com.intellij.ui.svg.SaxDocumentFactory.createDocument(SaxSvgDocumentFactory.kt:290)
	at com.intellij.ui.svg.SaxSvgDocumentFactory.createDocument(SaxSvgDocumentFactory.kt:73)
	at com.intellij.util.SVGLoader.createTranscodeInput(SVGLoader.java:224)
	at com.intellij.util.SVGLoader.loadWithoutCache(SVGLoader.java:123)
	at com.intellij.util.SVGLoader.load(SVGLoader.java:113)
	at com.intellij.ui.icons.ImageDescriptor.loadImpl(ImageDescriptor.java:162)
	at com.intellij.ui.icons.ImageDescriptor.loadFromStream(ImageDescriptor.java:138)
	at com.intellij.ui.icons.ImageDescriptor.load(ImageDescriptor.java:127)
	at com.intellij.util.ImageLoader$ImageDescriptorList.load(ImageLoader.java:169)
	at com.intellij.util.ImageLoader.loadFromUrl(ImageLoader.java:329)
	at com.intellij.util.ImageLoader.loadFromUrl(ImageLoader.java:318)
	at com.intellij.openapi.util.IconLoader$CachedImageIcon.loadFromUrlImpl(IconLoader.java:771)
	at com.intellij.openapi.util.IconLoader$CachedImageIcon.loadFromUrl(IconLoader.java:745)
	at com.intellij.openapi.util.IconLoader$CachedImageIcon.access$900(IconLoader.java:571)
	at com.intellij.openapi.util.IconLoader$CachedImageIcon$MyScaledIconsCache.getOrScaleIcon(IconLoader.java:804)
	at com.intellij.openapi.util.IconLoader$CachedImageIcon.getRealIcon(IconLoader.java:649)
	at com.intellij.ui.icons.LazyImageIcon.getRealIcon(LazyImageIcon.java:76)
	at com.intellij.ui.icons.LazyImageIcon.getIconWidth(LazyImageIcon.java:60)
	at com.intellij.ui.tree.ui.DefaultControl.getWidth(DefaultControl.java:28)
	at com.mallowigi.idea.ui.MTRowPainter.getRendererOffset(MTRowPainter.java:54)
	at com.intellij.ui.tree.ui.DefaultTreeUI$1.getNodeDimensions(DefaultTreeUI.java:357)
	at java.desktop/javax.swing.tree.AbstractLayoutCache.getNodeDimensions(AbstractLayoutCache.java:493)
	at java.desktop/javax.swing.tree.VariableHeightLayoutCache$TreeStateNode.updatePreferredSize(VariableHeightLayoutCache.java:1344)
	at java.desktop/javax.swing.tree.VariableHeightLayoutCache.rebuild(VariableHeightLayoutCache.java:723)
	at java.desktop/javax.swing.tree.VariableHeightLayoutCache.setModel(VariableHeightLayoutCache.java:111)
	at java.desktop/javax.swing.plaf.basic.BasicTreeUI.setModel(BasicTreeUI.java:495)
	at com.intellij.ui.tree.ui.DefaultTreeUI.setModel(DefaultTreeUI.java:320)
	at java.desktop/javax.swing.plaf.basic.BasicTreeUI$Handler.propertyChange(BasicTreeUI.java:3820)
	at com.intellij.ui.tree.ui.DefaultTreeUI$3.propertyChange(DefaultTreeUI.java:422)
	at java.desktop/java.beans.PropertyChangeSupport.fire(PropertyChangeSupport.java:341)
	at java.desktop/java.beans.PropertyChangeSupport.firePropertyChange(PropertyChangeSupport.java:333)
	at java.desktop/java.beans.PropertyChangeSupport.firePropertyChange(PropertyChangeSupport.java:266)
	at java.desktop/java.awt.Component.firePropertyChange(Component.java:8753)
	at java.desktop/javax.swing.JTree.setModel(JTree.java:893)
	at java.desktop/javax.swing.JTree.<init>(JTree.java:679)
	at com.eviware.soapui.ui.Navigator$NavigatorTree.<init>(Navigator.java:123)
	at com.eviware.soapui.ui.Navigator.buildUI(Navigator.java:87)
	at com.eviware.soapui.ui.Navigator.<init>(Navigator.java:80)
	at com.eviware.soapui.intellij.plugin.SoapUIPlugin.initComponent(SoapUIPlugin.java:164)
	at com.intellij.serviceContainer.MyComponentAdapter.doCreateInstance(MyComponentAdapter.kt:44)
	at com.intellij.serviceContainer.BaseComponentAdapter.getInstanceUncached(BaseComponentAdapter.kt:115)
	at com.intellij.serviceContainer.BaseComponentAdapter.getInstance(BaseComponentAdapter.kt:69)
	at com.intellij.serviceContainer.BaseComponentAdapter.getInstance$default(BaseComponentAdapter.kt:62)
	at com.intellij.serviceContainer.ComponentManagerImpl.createComponents(ComponentManagerImpl.kt:261)
	at com.intellij.openapi.project.impl.ProjectImpl.init(ProjectImpl.java:269)
	at com.intellij.openapi.project.impl.ProjectManagerImpl.initProject(ProjectManagerImpl.java:321)
	at com.intellij.openapi.project.impl.ProjectManagerImpl.newProject(ProjectManagerImpl.java:215)
	at com.intellij.openapi.project.impl.ProjectManagerImpl.newProject(ProjectManagerImpl.java:182)
	at com.intellij.openapi.project.ex.ProjectManagerEx.createProject(ProjectManagerEx.java:114)
	at com.intellij.openapi.externalSystem.importing.AbstractOpenProjectProvider.createProject(AbstractOpenProjectProvider.kt:101)
	at com.intellij.openapi.externalSystem.importing.AbstractOpenProjectProvider.openProject(AbstractOpenProjectProvider.kt:41)
	at org.jetbrains.idea.maven.wizards.MavenProjectOpenProcessor.doOpenProject(MavenProjectOpenProcessor.kt:19)
	at com.intellij.ide.impl.ProjectUtil.lambda$chooseProcessorAndOpen$3(ProjectUtil.java:194)
	at com.intellij.openapi.application.impl.ApplicationImpl.invokeAndWait(ApplicationImpl.java:467)
	at com.intellij.openapi.application.impl.ApplicationImpl.invokeAndWait(ApplicationImpl.java:485)
	at com.intellij.ide.impl.ProjectUtil.chooseProcessorAndOpen(ProjectUtil.java:190)
	at com.intellij.ide.impl.ProjectUtil.openOrImport(ProjectUtil.java:169)
	at com.intellij.ide.impl.ProjectUtil.openOrImport(ProjectUtil.java:117)
	at com.intellij.ide.actions.OpenFileAction.doOpenFile(OpenFileAction.java:128)
	at com.intellij.ide.actions.OpenFileAction.lambda$actionPerformed$0(OpenFileAction.java:69)
	at com.intellij.ui.mac.MacPathChooserDialog.choose(MacPathChooserDialog.java:137)
	at com.intellij.openapi.fileChooser.FileChooser.chooseFiles(FileChooser.java:110)
	at com.intellij.openapi.fileChooser.FileChooser.chooseFiles(FileChooser.java:88)
	at com.intellij.ide.actions.OpenFileAction.actionPerformed(OpenFileAction.java:60)
	at com.intellij.openapi.actionSystem.ex.ActionUtil.performActionDumbAware(ActionUtil.java:280)
	at com.intellij.openapi.actionSystem.ex.ActionUtil.invokeAction(ActionUtil.java:443)
	at com.intellij.openapi.actionSystem.ex.ActionUtil.invokeAction(ActionUtil.java:428)
	at com.intellij.ui.components.labels.ActionLink$1.linkSelected(ActionLink.java:46)
	at com.intellij.ui.components.labels.LinkLabel.doClick(LinkLabel.java:143)
	at com.intellij.ui.components.labels.ActionLink.doClick(ActionLink.java:55)
	at com.intellij.ui.components.labels.LinkLabel$MyMouseHandler.mouseReleased(LinkLabel.java:331)
	at java.desktop/java.awt.Component.processMouseEvent(Component.java:6650)
	at java.desktop/javax.swing.JComponent.processMouseEvent(JComponent.java:3345)
	at java.desktop/java.awt.Component.processEvent(Component.java:6415)
	at java.desktop/java.awt.Container.processEvent(Container.java:2263)
	at java.desktop/java.awt.Component.dispatchEventImpl(Component.java:5025)
	at java.desktop/java.awt.Container.dispatchEventImpl(Container.java:2321)
	at java.desktop/java.awt.Component.dispatchEvent(Component.java:4857)
	at java.desktop/java.awt.LightweightDispatcher.retargetMouseEvent(Container.java:4918)
	at java.desktop/java.awt.LightweightDispatcher.processMouseEvent(Container.java:4547)
	at java.desktop/java.awt.LightweightDispatcher.dispatchEvent(Container.java:4488)
	at java.desktop/java.awt.Container.dispatchEventImpl(Container.java:2307)
	at java.desktop/java.awt.Window.dispatchEventImpl(Window.java:2773)
	at java.desktop/java.awt.Component.dispatchEvent(Component.java:4857)
	at java.desktop/java.awt.EventQueue.dispatchEventImpl(EventQueue.java:778)
	at java.desktop/java.awt.EventQueue$4.run(EventQueue.java:727)
	at java.desktop/java.awt.EventQueue$4.run(EventQueue.java:721)
	at java.base/java.security.AccessController.doPrivileged(Native Method)
	at java.base/java.security.ProtectionDomain$JavaSecurityAccessImpl.doIntersectionPrivilege(ProtectionDomain.java:85)
	at java.base/java.security.ProtectionDomain$JavaSecurityAccessImpl.doIntersectionPrivilege(ProtectionDomain.java:95)
	at java.desktop/java.awt.EventQueue$5.run(EventQueue.java:751)
	at java.desktop/java.awt.EventQueue$5.run(EventQueue.java:749)
	at java.base/java.security.AccessController.doPrivileged(Native Method)
	at java.base/java.security.ProtectionDomain$JavaSecurityAccessImpl.doIntersectionPrivilege(ProtectionDomain.java:85)
	at java.desktop/java.awt.EventQueue.dispatchEvent(EventQueue.java:748)
	at com.intellij.ide.IdeEventQueue.defaultDispatchEvent(IdeEventQueue.java:974)
	at com.intellij.ide.IdeEventQueue.dispatchMouseEvent(IdeEventQueue.java:912)
	at com.intellij.ide.IdeEventQueue._dispatchEvent(IdeEventQueue.java:844)
	at com.intellij.ide.IdeEventQueue.lambda$null$8(IdeEventQueue.java:449)
	at com.intellij.openapi.progress.impl.CoreProgressManager.computePrioritized(CoreProgressManager.java:741)
	at com.intellij.ide.IdeEventQueue.lambda$dispatchEvent$9(IdeEventQueue.java:448)
	at com.intellij.openapi.application.impl.ApplicationImpl.runIntendedWriteActionOnCurrentThread(ApplicationImpl.java:831)
	at com.intellij.ide.IdeEventQueue.dispatchEvent(IdeEventQueue.java:502)
	at java.desktop/java.awt.EventDispatchThread.pumpOneEventForFilters(EventDispatchThread.java:203)
	at java.desktop/java.awt.EventDispatchThread.pumpEventsForFilter(EventDispatchThread.java:124)
	at java.desktop/java.awt.EventDispatchThread.pumpEventsForHierarchy(EventDispatchThread.java:113)
	at java.desktop/java.awt.EventDispatchThread.pumpEvents(EventDispatchThread.java:109)
	at java.desktop/java.awt.EventDispatchThread.pumpEvents(EventDispatchThread.java:101)
	at java.desktop/java.awt.EventDispatchThread.run(EventDispatchThread.java:90)
